2012-09-11 14:32:54,509 [main] ERROR o.e.m.c.i.p.r.ProjectRegistryReader - Can't write workspace state
java.io.FileNotFoundException: /home/alagenchev/Documents/workspace-TSP/.metadata/.plugins/org.eclipse.m2e.core/workspaceState.ser (No such file or directory)
	at java.io.FileOutputStream.open(Native Method) ~[na:1.7.0_04]
	at java.io.FileOutputStream.<init>(FileOutputStream.java:212) ~[na:1.7.0_04]
	at java.io.FileOutputStream.<init>(FileOutputStream.java:165) ~[na:1.7.0_04]
	at org.eclipse.m2e.core.internal.project.registry.ProjectRegistryReader.writeWorkspaceState(ProjectRegistryReader.java:127) ~[org.eclipse.m2e.core_1.0.200.20111228-1245.jar:na]
	at org.eclipse.m2e.core.internal.project.registry.ProjectRegistryManager.writeWorkspaceState(ProjectRegistryManager.java:852) [org.eclipse.m2e.core_1.0.200.20111228-1245.jar:na]
	at org.eclipse.m2e.core.internal.MavenPluginActivator.stop(MavenPluginActivator.java:265) [org.eclipse.m2e.core_1.0.200.20111228-1245.jar:na]
	at org.eclipse.osgi.framework.internal.core.BundleContextImpl$2.run(BundleContextImpl.java:771) [org.eclipse.osgi_3.7.2.v20120110-1415.jar:na]
	at java.security.AccessController.doPrivileged(Native Method) [na:1.7.0_04]
	at org.eclipse.osgi.framework.internal.core.BundleContextImpl.stop(BundleContextImpl.java:764) [org.eclipse.osgi_3.7.2.v20120110-1415.jar:na]
	at org.eclipse.osgi.framework.internal.core.BundleHost.stopWorker(BundleHost.java:510) [org.eclipse.osgi_3.7.2.v20120110-1415.jar:na]
	at org.eclipse.osgi.framework.internal.core.AbstractBundle.suspend(AbstractBundle.java:565) [org.eclipse.osgi_3.7.2.v20120110-1415.jar:na]
	at org.eclipse.osgi.framework.internal.core.Framework.suspendBundle(Framework.java:1161) [org.eclipse.osgi_3.7.2.v20120110-1415.jar:na]
	at org.eclipse.osgi.framework.internal.core.StartLevelManager.decFWSL(StartLevelManager.java:595) [org.eclipse.osgi_3.7.2.v20120110-1415.jar:na]
	at org.eclipse.osgi.framework.internal.core.StartLevelManager.doSetStartLevel(StartLevelManager.java:257) [org.eclipse.osgi_3.7.2.v20120110-1415.jar:na]
	at org.eclipse.osgi.framework.internal.core.StartLevelManager.shutdown(StartLevelManager.java:215) [org.eclipse.osgi_3.7.2.v20120110-1415.jar:na]
	at org.eclipse.osgi.framework.internal.core.InternalSystemBundle.suspend(InternalSystemBundle.java:284) [org.eclipse.osgi_3.7.2.v20120110-1415.jar:na]
	at org.eclipse.osgi.framework.internal.core.Framework.shutdown(Framework.java:691) [org.eclipse.osgi_3.7.2.v20120110-1415.jar:na]
	at org.eclipse.osgi.framework.internal.core.Framework.close(Framework.java:598) [org.eclipse.osgi_3.7.2.v20120110-1415.jar:na]
	at org.eclipse.core.runtime.adaptor.EclipseStarter.shutdown(EclipseStarter.java:390) [org.eclipse.osgi_3.7.2.v20120110-1415.jar:na]
	at org.eclipse.core.runtime.adaptor.EclipseStarter.run(EclipseStarter.java:198) [org.eclipse.osgi_3.7.2.v20120110-1415.jar:na]
	at sun.reflect.NativeMethodAccessorImpl.invoke0(Native Method) ~[na:1.7.0_04]
	at sun.reflect.NativeMethodAccessorImpl.invoke(NativeMethodAccessorImpl.java:57) ~[na:1.7.0_04]
	at sun.reflect.DelegatingMethodAccessorImpl.invoke(DelegatingMethodAccessorImpl.java:43) ~[na:1.7.0_04]
	at java.lang.reflect.Method.invoke(Method.java:601) ~[na:1.7.0_04]
	at org.eclipse.equinox.launcher.Main.invokeFramework(Main.java:622) [org.eclipse.equinox.launcher_1.2.0.v20110502.jar:na]
	at org.eclipse.equinox.launcher.Main.basicRun(Main.java:577) [org.eclipse.equinox.launcher_1.2.0.v20110502.jar:na]
	at org.eclipse.equinox.launcher.Main.run(Main.java:1410) [org.eclipse.equinox.launcher_1.2.0.v20110502.jar:na]
	at org.eclipse.equinox.launcher.Main.main(Main.java:1386) [org.eclipse.equinox.launcher_1.2.0.v20110502.jar:na]
